<?xml version="1.0" encoding="UTF-8"?>
<!-- Generated by org.testng.reporters.JUnitXMLReporter -->
<testsuite ignored="0" hostname="LENOVO" failures="0" tests="3" name="Test" time="155.929" errors="0" timestamp="2023-08-09T02:02:32 IST">
  <testcase classname="tests.Etoileacctest" name="testcreateaccnt" time="19.408"/>
  <testcase classname="tests.Etoileitemtest" name="testshop" time="14.165"/>
  <testcase classname="tests.Etoilelogintest" name="testsignin" time="22.118"/>
</testsuite> <!-- Test -->
